Record 33
<?xml version="1.0" encoding="utf-8"?>
<Event xmlns="http://schemas.microsoft.com/win/2004/08/events/event">
  <System>
    <Provider Name="Microsoft-Windows-AAD" Guid="4DE9BC9C-B27A-43C9-8994-0915F1A5E24F">
    </Provider>
    <EventID>1098</EventID>
    <Version>0</Version>
    <Level>2</Level>
    <Task>103</Task>
    <Opcode>0</Opcode>
    <Keywords>0x4000000000000012</Keywords>
    <TimeCreated SystemTime="2025-06-29T04:54:10.798315Z">
    </TimeCreated>
    <EventRecordID>33</EventRecordID>
    <Correlation ActivityID="A8D6D395-E8B1-0001-AA45-D8A8B1E8DB01">
    </Correlation>
    <Execution ProcessID="11256" ThreadID="4588">
    </Execution>
    <Channel>Microsoft-Windows-AAD/Operational</Channel>
    <Computer>DESKTOP-1D5ALF0</Computer>
    <Security UserID="S-1-5-21-349816100-2283152293-646300561-1001">
    </Security>
  </System>
  <EventData>
    <Data Name="Error">3400019682</Data>
    <Data Name="ErrorMessage">The request has timed out.</Data>
    <Data Name="AdditionalInformation">Code: authentication_failed
Description: The request has timed out.
TokenEndpoint: https://login.microsoftonline.com/f8cdef31-a31e-4b4a-93e4-5f571e91255a/oauth2/token
Logged at OAuthTokenRequestBase.cpp, line: 323, method: OAuthTokenRequestBase::SendRequest.

Request: authority: https://login.microsoftonline.com/f8cdef31-a31e-4b4a-93e4-5f571e91255a, client: 04f0c124-f2bc-4f59-8241-bf6df9866bbd, redirect URI: ms-appx-web://Microsoft.AAD.BrokerPlugin/04f0c124-f2bc-4f59-8241-bf6df9866bbd, resource: , correlation ID (request): db078273-dbb3-498a-aae8-2a8a36514d89</Data>
  </EventData>
</Event>
Record 34
<?xml version="1.0" encoding="utf-8"?>
<Event xmlns="http://schemas.microsoft.com/win/2004/08/events/event">
  <System>
    <Provider Name="Microsoft-Windows-AAD" Guid="4DE9BC9C-B27A-43C9-8994-0915F1A5E24F">
    </Provider>
    <EventID>1097</EventID>
    <Version>0</Version>
    <Level>3</Level>
    <Task>103</Task>
    <Opcode>0</Opcode>
    <Keywords>0x4000000000000030</Keywords>
    <TimeCreated SystemTime="2025-06-29T04:54:10.798777Z">
    </TimeCreated>
    <EventRecordID>34</EventRecordID>
    <Correlation ActivityID="A8D6D395-E8B1-0001-AA45-D8A8B1E8DB01">
    </Correlation>
    <Execution ProcessID="11256" ThreadID="4588">
    </Execution>
    <Channel>Microsoft-Windows-AAD/Operational</Channel>
    <Computer>DESKTOP-1D5ALF0</Computer>
    <Security UserID="S-1-5-21-349816100-2283152293-646300561-1001">
    </Security>
  </System>
  <EventData>
    <Data Name="Error">3400073220</Data>
    <Data Name="ErrorMessage">Getting token by refresh token failed.</Data>
    <Data Name="AdditionalInformation">Logged at RefreshTokenRequest.cpp, line: 148, method: RefreshTokenRequest::AcquireToken.

Request: authority: https://login.microsoftonline.com/f8cdef31-a31e-4b4a-93e4-5f571e91255a, client: 04f0c124-f2bc-4f59-8241-bf6df9866bbd, redirect URI: ms-appx-web://Microsoft.AAD.BrokerPlugin/04f0c124-f2bc-4f59-8241-bf6df9866bbd, resource: , correlation ID (request): db078273-dbb3-498a-aae8-2a8a36514d89</Data>
  </EventData>
</Event>
Record 35
<?xml version="1.0" encoding="utf-8"?>
<Event xmlns="http://schemas.microsoft.com/win/2004/08/events/event">
  <System>
    <Provider Name="Microsoft-Windows-AAD" Guid="4DE9BC9C-B27A-43C9-8994-0915F1A5E24F">
    </Provider>
    <EventID>1098</EventID>
    <Version>0</Version>
    <Level>2</Level>
    <Task>103</Task>
    <Opcode>0</Opcode>
    <Keywords>0x4000000000000012</Keywords>
    <TimeCreated SystemTime="2025-06-29T04:54:10.802254Z">
    </TimeCreated>
    <EventRecordID>35</EventRecordID>
    <Correlation ActivityID="A8D6D395-E8B1-0001-AA45-D8A8B1E8DB01">
    </Correlation>
    <Execution ProcessID="11256" ThreadID="4764">
    </Execution>
    <Channel>Microsoft-Windows-AAD/Operational</Channel>
    <Computer>DESKTOP-1D5ALF0</Computer>
    <Security UserID="S-1-5-21-349816100-2283152293-646300561-1001">
    </Security>
  </System>
  <EventData>
    <Data Name="Error">3399811100</Data>
    <Data Name="ErrorMessage">Token broker operation failed.</Data>
    <Data Name="AdditionalInformation">Operation name: GetTokenSilently, Error: -894947614 (0xcaa82ee2), Description: The request has timed out.
Logged at WebAccountProcessor.cpp, line: 723, method: AAD::Core::WebAccountProcessor::ReportOperationError.</Data>
  </EventData>
</Event>
Record 36
<?xml version="1.0" encoding="utf-8"?>
<Event xmlns="http://schemas.microsoft.com/win/2004/08/events/event">
  <System>
    <Provider Name="Microsoft-Windows-AAD" Guid="4DE9BC9C-B27A-43C9-8994-0915F1A5E24F">
    </Provider>
    <EventID>1098</EventID>
    <Version>0</Version>
    <Level>2</Level>
    <Task>103</Task>
    <Opcode>0</Opcode>
    <Keywords>0x4000000000000012</Keywords>
    <TimeCreated SystemTime="2025-07-01T23:09:16.064102Z">
    </TimeCreated>
    <EventRecordID>36</EventRecordID>
    <Correlation ActivityID="AABB2BEE-EA35-0002-8F50-C4AA35EADB01">
    </Correlation>
    <Execution ProcessID="11500" ThreadID="5920">
    </Execution>
    <Channel>Microsoft-Windows-AAD/Operational</Channel>
    <Computer>DESKTOP-1D5ALF0</Computer>
    <Security UserID="S-1-5-21-349816100-2283152293-646300561-1001">
    </Security>
  </System>
  <EventData>
    <Data Name="Error">3399942154</Data>
    <Data Name="ErrorMessage">The Internet connection has timed out.</Data>
    <Data Name="AdditionalInformation">Exception of type &apos;class HttpException&apos; at XMLHTTPWebRequest.cpp, line: 184, method: XMLHTTPWebRequest::ReceiveResponse.

Log: 0xcaa90051 Sending OAuth request failed.
Logged at OAuthTokenRequestBase.cpp, line: 323, method: OAuthTokenRequestBase::SendRequest.

Request: authority: https://login.microsoftonline.com/f8cdef31-a31e-4b4a-93e4-5f571e91255a, client: 04f0c124-f2bc-4f59-8241-bf6df9866bbd, redirect URI: ms-appx-web://Microsoft.AAD.BrokerPlugin/04f0c124-f2bc-4f59-8241-bf6df9866bbd, resource: , correlation ID (request): ec0edf6d-f354-440d-8494-9e10beb45e0e</Data>
  </EventData>
</Event>
Record 37
<?xml version="1.0" encoding="utf-8"?>
<Event xmlns="http://schemas.microsoft.com/win/2004/08/events/event">
  <System>
    <Provider Name="Microsoft-Windows-AAD" Guid="4DE9BC9C-B27A-43C9-8994-0915F1A5E24F">
    </Provider>
    <EventID>1098</EventID>
    <Version>0</Version>
    <Level>2</Level>
    <Task>103</Task>
    <Opcode>0</Opcode>
    <Keywords>0x4000000000000012</Keywords>
    <TimeCreated SystemTime="2025-07-01T23:09:16.064291Z">
    </TimeCreated>
    <EventRecordID>37</EventRecordID>
    <Correlation ActivityID="AABB2BEE-EA35-0002-8F50-C4AA35EADB01">
    </Correlation>
    <Execution ProcessID="11500" ThreadID="5920">
    </Execution>
    <Channel>Microsoft-Windows-AAD/Operational</Channel>
    <Computer>DESKTOP-1D5ALF0</Computer>
    <Security UserID="S-1-5-21-349816100-2283152293-646300561-1001">
    </Security>
  </System>
  <EventData>
    <Data Name="Error">3399942154</Data>
    <Data Name="ErrorMessage">The Internet connection has timed out.</Data>
    <Data Name="AdditionalInformation">Code: authentication_failed
Description: The Internet connection has timed out.
TokenEndpoint: https://login.microsoftonline.com/f8cdef31-a31e-4b4a-93e4-5f571e91255a/oauth2/token
Logged at OAuthTokenRequestBase.cpp, line: 323, method: OAuthTokenRequestBase::SendRequest.

Request: authority: https://login.microsoftonline.com/f8cdef31-a31e-4b4a-93e4-5f571e91255a, client: 04f0c124-f2bc-4f59-8241-bf6df9866bbd, redirect URI: ms-appx-web://Microsoft.AAD.BrokerPlugin/04f0c124-f2bc-4f59-8241-bf6df9866bbd, resource: , correlation ID (request): ec0edf6d-f354-440d-8494-9e10beb45e0e</Data>
  </EventData>
</Event>
Record 38
<?xml version="1.0" encoding="utf-8"?>
<Event xmlns="http://schemas.microsoft.com/win/2004/08/events/event">
  <System>
    <Provider Name="Microsoft-Windows-AAD" Guid="4DE9BC9C-B27A-43C9-8994-0915F1A5E24F">
    </Provider>
    <EventID>1098</EventID>
    <Version>0</Version>
    <Level>2</Level>
    <Task>103</Task>
    <Opcode>0</Opcode>
    <Keywords>0x4000000000000012</Keywords>
    <TimeCreated SystemTime="2025-07-01T23:09:16.065153Z">
    </TimeCreated>
    <EventRecordID>38</EventRecordID>
    <Correlation ActivityID="AABB2BEE-EA35-0002-8F50-C4AA35EADB01">
    </Correlation>
    <Execution ProcessID="11500" ThreadID="5920">
    </Execution>
    <Channel>Microsoft-Windows-AAD/Operational</Channel>
    <Computer>DESKTOP-1D5ALF0</Computer>
    <Security UserID="S-1-5-21-349816100-2283152293-646300561-1001">
    </Security>
  </System>
  <EventData>
    <Data Name="Error">3400073295</Data>
    <Data Name="ErrorMessage">Getting token by SAML token is failed.</Data>
    <Data Name="AdditionalInformation">Logged at SAMLAssertionTokenRequest.cpp, line: 33, method: SAMLAssertionTokenRequest::AcquireToken.

Request: authority: https://login.microsoftonline.com/f8cdef31-a31e-4b4a-93e4-5f571e91255a, client: 04f0c124-f2bc-4f59-8241-bf6df9866bbd, redirect URI: ms-appx-web://Microsoft.AAD.BrokerPlugin/04f0c124-f2bc-4f59-8241-bf6df9866bbd, resource: , correlation ID (request): ec0edf6d-f354-440d-8494-9e10beb45e0e</Data>
  </EventData>
</Event>
Record 39
<?xml version="1.0" encoding="utf-8"?>
<Event xmlns="http://schemas.microsoft.com/win/2004/08/events/event">
  <System>
    <Provider Name="Microsoft-Windows-AAD" Guid="4DE9BC9C-B27A-43C9-8994-0915F1A5E24F">
    </Provider>
    <EventID>1098</EventID>
    <Version>0</Version>
    <Level>2</Level>
    <Task>103</Task>
    <Opcode>0</Opcode>
    <Keywords>0x4000000000000012</Keywords>
    <TimeCreated SystemTime="2025-07-01T23:09:16.073353Z">
    </TimeCreated>
    <EventRecordID>39</EventRecordID>
    <Correlation ActivityID="AABB2BEE-EA35-0002-8F50-C4AA35EADB01">
    </Correlation>
    <Execution ProcessID="11500" ThreadID="5920">
    </Execution>
    <Channel>Microsoft-Windows-AAD/Operational</Channel>
    <Computer>DESKTOP-1D5ALF0</Computer>
    <Security UserID="S-1-5-21-349816100-2283152293-646300561-1001">
    </Security>
  </System>
  <EventData>
    <Data Name="Error">3399811100</Data>
    <Data Name="ErrorMessage">Token broker operation failed.</Data>
    <Data Name="AdditionalInformation">Operation name: GetTokenSilently, Error: -895025142 (0xcaa7000a), Description: The Internet connection has timed out.
Logged at WebAccountProcessor.cpp, line: 723, method: AAD::Core::WebAccountProcessor::ReportOperationError.</Data>
  </EventData>
</Event>
